0 info it worked if it ends with ok
1 verbose cli [ '/usr/bin/node', '/usr/bin/npm', 'install', 'flash', '--save' ]
2 info using npm@3.5.2
3 info using node@v8.10.0
4 silly loadCurrentTree Starting
5 silly install loadCurrentTree
6 silly install readLocalPackageData
7 silly fetchPackageMetaData flash
8 silly fetchNamedPackageData flash
9 silly mapToRegistry name flash
10 silly mapToRegistry using default registry
11 silly mapToRegistry registry https://registry.npmjs.org/
12 silly mapToRegistry uri https://registry.npmjs.org/flash
13 verbose request uri https://registry.npmjs.org/flash
14 verbose request no auth needed
15 info attempt registry request try #1 at 10:22:38 PM
16 verbose request id 2b84b56788b6da06
17 http request GET https://registry.npmjs.org/flash
18 http 200 https://registry.npmjs.org/flash
19 verbose headers { date: 'Mon, 22 Jul 2019 19:22:40 GMT',
19 verbose headers   'content-type': 'application/json; charset=UTF-8',
19 verbose headers   'transfer-encoding': 'chunked',
19 verbose headers   connection: 'close',
19 verbose headers   'set-cookie':
19 verbose headers    [ '__cfduid=d128bfdbf9aa2a56af47e08c39d59b4321563823359; expires=Tue, 21-Jul-20 19:22:39 GMT; path=/; domain=.npmjs.org; HttpOnly' ],
19 verbose headers   'cf-cache-status': 'MISS',
19 verbose headers   'cache-control': 'max-age=300',
19 verbose headers   'cf-ray': '4fa7c8dd595fcae0-ARN',
19 verbose headers   etag: 'W/"74b0ddbf215ca6186d0dd6077868482b"',
19 verbose headers   'expect-ct': 'max-age=604800, report-uri="https://report-uri.cloudflare.com/cdn-cgi/beacon/expect-ct"',
19 verbose headers   'last-modified': 'Sun, 27 May 2018 00:52:09 GMT',
19 verbose headers   vary: 'accept-encoding, accept',
19 verbose headers   server: 'cloudflare',
19 verbose headers   'content-encoding': 'gzip' }
20 silly get cb [ 200,
20 silly get   { date: 'Mon, 22 Jul 2019 19:22:40 GMT',
20 silly get     'content-type': 'application/json; charset=UTF-8',
20 silly get     'transfer-encoding': 'chunked',
20 silly get     connection: 'close',
20 silly get     'set-cookie':
20 silly get      [ '__cfduid=d128bfdbf9aa2a56af47e08c39d59b4321563823359; expires=Tue, 21-Jul-20 19:22:39 GMT; path=/; domain=.npmjs.org; HttpOnly' ],
20 silly get     'cf-cache-status': 'MISS',
20 silly get     'cache-control': 'max-age=300',
20 silly get     'cf-ray': '4fa7c8dd595fcae0-ARN',
20 silly get     etag: 'W/"74b0ddbf215ca6186d0dd6077868482b"',
20 silly get     'expect-ct': 'max-age=604800, report-uri="https://report-uri.cloudflare.com/cdn-cgi/beacon/expect-ct"',
20 silly get     'last-modified': 'Sun, 27 May 2018 00:52:09 GMT',
20 silly get     vary: 'accept-encoding, accept',
20 silly get     server: 'cloudflare',
20 silly get     'content-encoding': 'gzip' } ]
21 verbose get saving flash to /home/panos/.npm/registry.npmjs.org/flash/.cache.json
22 silly install normalizeTree
23 silly loadCurrentTree Finishing
24 silly loadIdealTree Starting
25 silly install loadIdealTree
26 silly cloneCurrentTree Starting
27 silly install cloneCurrentTreeToIdealTree
28 silly cloneCurrentTree Finishing
29 silly loadShrinkwrap Starting
30 silly install loadShrinkwrap
31 silly loadShrinkwrap Finishing
32 silly loadAllDepsIntoIdealTree Starting
33 silly install loadAllDepsIntoIdealTree
34 silly resolveWithNewModule flash@1.1.0 checking installable status
35 silly cache add args [ 'flash', null ]
36 verbose cache add spec flash
37 silly cache add parsed spec Result {
37 silly cache add   raw: 'flash',
37 silly cache add   scope: null,
37 silly cache add   name: 'flash',
37 silly cache add   rawSpec: '',
37 silly cache add   spec: 'latest',
37 silly cache add   type: 'tag' }
38 silly addNamed flash@latest
39 verbose addNamed "latest" is being treated as a dist-tag for flash
40 info addNameTag [ 'flash', 'latest' ]
41 silly mapToRegistry name flash
42 silly mapToRegistry using default registry
43 silly mapToRegistry registry https://registry.npmjs.org/
44 silly mapToRegistry uri https://registry.npmjs.org/flash
45 verbose addNameTag registry:https://registry.npmjs.org/flash not in flight; fetching
46 verbose get https://registry.npmjs.org/flash not expired, no request
47 silly addNameTag next cb for flash with tag latest
48 silly addNamed flash@1.1.0
49 verbose addNamed "1.1.0" is a plain semver version for flash
50 silly mapToRegistry name flash
51 silly mapToRegistry using default registry
52 silly mapToRegistry registry https://registry.npmjs.org/
53 silly mapToRegistry uri https://registry.npmjs.org/flash
54 verbose addRemoteTarball https://registry.npmjs.org/flash/-/flash-1.1.0.tgz not in flight; adding
55 verbose addRemoteTarball [ 'https://registry.npmjs.org/flash/-/flash-1.1.0.tgz',
55 verbose addRemoteTarball   '8ab2b29ed3b68a5cfb1a89bf98e7f69d7f1a020a' ]
56 info retry fetch attempt 1 at 10:22:40 PM
57 info attempt registry request try #1 at 10:22:40 PM
58 http fetch GET https://registry.npmjs.org/flash/-/flash-1.1.0.tgz
59 http fetch 200 https://registry.npmjs.org/flash/-/flash-1.1.0.tgz
60 silly fetchAndShaCheck shasum 8ab2b29ed3b68a5cfb1a89bf98e7f69d7f1a020a
61 verbose addTmpTarball /tmp/npm-27498-fbf5427a/registry.npmjs.org/flash/-/flash-1.1.0.tgz not in flight; adding
62 verbose addTmpTarball already have metadata; skipping unpack for flash@1.1.0
63 silly cache afterAdd flash@1.1.0
64 verbose afterAdd /home/panos/.npm/flash/1.1.0/package/package.json not in flight; writing
65 verbose afterAdd /home/panos/.npm/flash/1.1.0/package/package.json written
66 silly loadAllDepsIntoIdealTree Finishing
67 silly idealTree:prePrune auctions_app2@1.0.0
67 silly idealTree:prePrune ├── accepts@1.3.7
67 silly idealTree:prePrune ├── array-flatten@1.1.1
67 silly idealTree:prePrune ├── async@2.6.2
67 silly idealTree:prePrune ├── bluebird@3.5.1
67 silly idealTree:prePrune ├── body-parser@1.19.0
67 silly idealTree:prePrune ├── bson@1.1.1
67 silly idealTree:prePrune ├── bytes@3.1.0
67 silly idealTree:prePrune ├── connect-flash@0.1.1
67 silly idealTree:prePrune ├── content-disposition@0.5.3
67 silly idealTree:prePrune ├── content-type@1.0.4
67 silly idealTree:prePrune ├── cookie-signature@1.0.6
67 silly idealTree:prePrune ├── cookie@0.4.0
67 silly idealTree:prePrune ├── debug@2.6.9
67 silly idealTree:prePrune ├── depd@1.1.2
67 silly idealTree:prePrune ├── destroy@1.0.4
67 silly idealTree:prePrune ├── ee-first@1.1.1
67 silly idealTree:prePrune ├── ejs@2.6.2
67 silly idealTree:prePrune ├── encodeurl@1.0.2
67 silly idealTree:prePrune ├── escape-html@1.0.3
67 silly idealTree:prePrune ├── etag@1.8.1
67 silly idealTree:prePrune ├─┬ express-session@1.16.2
67 silly idealTree:prePrune │ ├── cookie@0.3.1
67 silly idealTree:prePrune │ └── depd@2.0.0
67 silly idealTree:prePrune ├── express@4.17.1
67 silly idealTree:prePrune ├── finalhandler@1.1.2
67 silly idealTree:prePrune ├── flash@1.1.0
67 silly idealTree:prePrune ├── forwarded@0.1.2
67 silly idealTree:prePrune ├── fresh@0.5.2
67 silly idealTree:prePrune ├── generaterr@1.5.0
67 silly idealTree:prePrune ├── http-errors@1.7.2
67 silly idealTree:prePrune ├── iconv-lite@0.4.24
67 silly idealTree:prePrune ├── inherits@2.0.3
67 silly idealTree:prePrune ├── ipaddr.js@1.9.0
67 silly idealTree:prePrune ├── kareem@2.3.0
67 silly idealTree:prePrune ├── lodash@4.17.11
67 silly idealTree:prePrune ├── media-typer@0.3.0
67 silly idealTree:prePrune ├── memory-pager@1.5.0
67 silly idealTree:prePrune ├── merge-descriptors@1.0.1
67 silly idealTree:prePrune ├── methods@1.1.2
67 silly idealTree:prePrune ├── mime-db@1.40.0
67 silly idealTree:prePrune ├── mime-types@2.1.24
67 silly idealTree:prePrune ├── mime@1.6.0
67 silly idealTree:prePrune ├── mongodb-core@3.2.7
67 silly idealTree:prePrune ├── mongodb@3.2.7
67 silly idealTree:prePrune ├── mongoose-legacy-pluralize@1.0.2
67 silly idealTree:prePrune ├─┬ mongoose@5.6.3
67 silly idealTree:prePrune │ └── ms@2.1.2
67 silly idealTree:prePrune ├── mpath@0.6.0
67 silly idealTree:prePrune ├─┬ mquery@3.2.1
67 silly idealTree:prePrune │ └── debug@3.1.0
67 silly idealTree:prePrune ├── ms@2.0.0
67 silly idealTree:prePrune ├── negotiator@0.6.2
67 silly idealTree:prePrune ├── on-finished@2.3.0
67 silly idealTree:prePrune ├── on-headers@1.0.2
67 silly idealTree:prePrune ├── parseurl@1.3.3
67 silly idealTree:prePrune ├─┬ passport-local-mongoose@5.0.1
67 silly idealTree:prePrune │ ├── debug@3.2.6
67 silly idealTree:prePrune │ └── ms@2.1.2
67 silly idealTree:prePrune ├── passport-local@1.0.0
67 silly idealTree:prePrune ├── passport-strategy@1.0.0
67 silly idealTree:prePrune ├── passport@0.4.0
67 silly idealTree:prePrune ├── path-to-regexp@0.1.7
67 silly idealTree:prePrune ├── pause@0.0.1
67 silly idealTree:prePrune ├── proxy-addr@2.0.5
67 silly idealTree:prePrune ├── qs@6.7.0
67 silly idealTree:prePrune ├── random-bytes@1.0.0
67 silly idealTree:prePrune ├── range-parser@1.2.1
67 silly idealTree:prePrune ├── raw-body@2.4.0
67 silly idealTree:prePrune ├── regexp-clone@1.0.0
67 silly idealTree:prePrune ├── require_optional@1.0.1
67 silly idealTree:prePrune ├── resolve-from@2.0.0
67 silly idealTree:prePrune ├── safe-buffer@5.1.2
67 silly idealTree:prePrune ├── safer-buffer@2.1.2
67 silly idealTree:prePrune ├── saslprep@1.0.3
67 silly idealTree:prePrune ├── scmp@2.0.0
67 silly idealTree:prePrune ├── semver@5.7.0
67 silly idealTree:prePrune ├─┬ send@0.17.1
67 silly idealTree:prePrune │ └── ms@2.1.1
67 silly idealTree:prePrune ├── serve-static@1.14.1
67 silly idealTree:prePrune ├── setprototypeof@1.1.1
67 silly idealTree:prePrune ├── sift@7.0.1
67 silly idealTree:prePrune ├── sliced@1.0.1
67 silly idealTree:prePrune ├── sparse-bitfield@3.0.3
67 silly idealTree:prePrune ├── statuses@1.5.0
67 silly idealTree:prePrune ├── toidentifier@1.0.0
67 silly idealTree:prePrune ├── type-is@1.6.18
67 silly idealTree:prePrune ├── uid-safe@2.1.5
67 silly idealTree:prePrune ├── unpipe@1.0.0
67 silly idealTree:prePrune ├── utils-merge@1.0.1
67 silly idealTree:prePrune └── vary@1.1.2
68 silly loadIdealTree Finishing
69 silly currentTree auctions_app2@1.0.0
69 silly currentTree ├── accepts@1.3.7
69 silly currentTree ├── array-flatten@1.1.1
69 silly currentTree ├── async@2.6.2
69 silly currentTree ├── bluebird@3.5.1
69 silly currentTree ├── body-parser@1.19.0
69 silly currentTree ├── bson@1.1.1
69 silly currentTree ├── bytes@3.1.0
69 silly currentTree ├── connect-flash@0.1.1
69 silly currentTree ├── content-disposition@0.5.3
69 silly currentTree ├── content-type@1.0.4
69 silly currentTree ├── cookie-signature@1.0.6
69 silly currentTree ├── cookie@0.4.0
69 silly currentTree ├── debug@2.6.9
69 silly currentTree ├── depd@1.1.2
69 silly currentTree ├── destroy@1.0.4
69 silly currentTree ├── ee-first@1.1.1
69 silly currentTree ├── ejs@2.6.2
69 silly currentTree ├── encodeurl@1.0.2
69 silly currentTree ├── escape-html@1.0.3
69 silly currentTree ├── etag@1.8.1
69 silly currentTree ├─┬ express-session@1.16.2
69 silly currentTree │ ├── cookie@0.3.1
69 silly currentTree │ └── depd@2.0.0
69 silly currentTree ├── express@4.17.1
69 silly currentTree ├── finalhandler@1.1.2
69 silly currentTree ├── forwarded@0.1.2
69 silly currentTree ├── fresh@0.5.2
69 silly currentTree ├── generaterr@1.5.0
69 silly currentTree ├── http-errors@1.7.2
69 silly currentTree ├── iconv-lite@0.4.24
69 silly currentTree ├── inherits@2.0.3
69 silly currentTree ├── ipaddr.js@1.9.0
69 silly currentTree ├── kareem@2.3.0
69 silly currentTree ├── lodash@4.17.11
69 silly currentTree ├── media-typer@0.3.0
69 silly currentTree ├── memory-pager@1.5.0
69 silly currentTree ├── merge-descriptors@1.0.1
69 silly currentTree ├── methods@1.1.2
69 silly currentTree ├── mime-db@1.40.0
69 silly currentTree ├── mime-types@2.1.24
69 silly currentTree ├── mime@1.6.0
69 silly currentTree ├── mongodb-core@3.2.7
69 silly currentTree ├── mongodb@3.2.7
69 silly currentTree ├── mongoose-legacy-pluralize@1.0.2
69 silly currentTree ├─┬ mongoose@5.6.3
69 silly currentTree │ └── ms@2.1.2
69 silly currentTree ├── mpath@0.6.0
69 silly currentTree ├─┬ mquery@3.2.1
69 silly currentTree │ └── debug@3.1.0
69 silly currentTree ├── ms@2.0.0
69 silly currentTree ├── negotiator@0.6.2
69 silly currentTree ├── on-finished@2.3.0
69 silly currentTree ├── on-headers@1.0.2
69 silly currentTree ├── parseurl@1.3.3
69 silly currentTree ├─┬ passport-local-mongoose@5.0.1
69 silly currentTree │ ├── debug@3.2.6
69 silly currentTree │ └── ms@2.1.2
69 silly currentTree ├── passport-local@1.0.0
69 silly currentTree ├── passport-strategy@1.0.0
69 silly currentTree ├── passport@0.4.0
69 silly currentTree ├── path-to-regexp@0.1.7
69 silly currentTree ├── pause@0.0.1
69 silly currentTree ├── proxy-addr@2.0.5
69 silly currentTree ├── qs@6.7.0
69 silly currentTree ├── random-bytes@1.0.0
69 silly currentTree ├── range-parser@1.2.1
69 silly currentTree ├── raw-body@2.4.0
69 silly currentTree ├── regexp-clone@1.0.0
69 silly currentTree ├── require_optional@1.0.1
69 silly currentTree ├── resolve-from@2.0.0
69 silly currentTree ├── safe-buffer@5.1.2
69 silly currentTree ├── safer-buffer@2.1.2
69 silly currentTree ├── saslprep@1.0.3
69 silly currentTree ├── scmp@2.0.0
69 silly currentTree ├── semver@5.7.0
69 silly currentTree ├─┬ send@0.17.1
69 silly currentTree │ └── ms@2.1.1
69 silly currentTree ├── serve-static@1.14.1
69 silly currentTree ├── setprototypeof@1.1.1
69 silly currentTree ├── sift@7.0.1
69 silly currentTree ├── sliced@1.0.1
69 silly currentTree ├── sparse-bitfield@3.0.3
69 silly currentTree ├── statuses@1.5.0
69 silly currentTree ├── toidentifier@1.0.0
69 silly currentTree ├── type-is@1.6.18
69 silly currentTree ├── uid-safe@2.1.5
69 silly currentTree ├── unpipe@1.0.0
69 silly currentTree ├── utils-merge@1.0.1
69 silly currentTree └── vary@1.1.2
70 silly idealTree auctions_app2@1.0.0
70 silly idealTree ├── accepts@1.3.7
70 silly idealTree ├── array-flatten@1.1.1
70 silly idealTree ├── async@2.6.2
70 silly idealTree ├── bluebird@3.5.1
70 silly idealTree ├── body-parser@1.19.0
70 silly idealTree ├── bson@1.1.1
70 silly idealTree ├── bytes@3.1.0
70 silly idealTree ├── connect-flash@0.1.1
70 silly idealTree ├── content-disposition@0.5.3
70 silly idealTree ├── content-type@1.0.4
70 silly idealTree ├── cookie-signature@1.0.6
70 silly idealTree ├── cookie@0.4.0
70 silly idealTree ├── debug@2.6.9
70 silly idealTree ├── depd@1.1.2
70 silly idealTree ├── destroy@1.0.4
70 silly idealTree ├── ee-first@1.1.1
70 silly idealTree ├── ejs@2.6.2
70 silly idealTree ├── encodeurl@1.0.2
70 silly idealTree ├── escape-html@1.0.3
70 silly idealTree ├── etag@1.8.1
70 silly idealTree ├─┬ express-session@1.16.2
70 silly idealTree │ ├── cookie@0.3.1
70 silly idealTree │ └── depd@2.0.0
70 silly idealTree ├── express@4.17.1
70 silly idealTree ├── finalhandler@1.1.2
70 silly idealTree ├── flash@1.1.0
70 silly idealTree ├── forwarded@0.1.2
70 silly idealTree ├── fresh@0.5.2
70 silly idealTree ├── generaterr@1.5.0
70 silly idealTree ├── http-errors@1.7.2
70 silly idealTree ├── iconv-lite@0.4.24
70 silly idealTree ├── inherits@2.0.3
70 silly idealTree ├── ipaddr.js@1.9.0
70 silly idealTree ├── kareem@2.3.0
70 silly idealTree ├── lodash@4.17.11
70 silly idealTree ├── media-typer@0.3.0
70 silly idealTree ├── memory-pager@1.5.0
70 silly idealTree ├── merge-descriptors@1.0.1
70 silly idealTree ├── methods@1.1.2
70 silly idealTree ├── mime-db@1.40.0
70 silly idealTree ├── mime-types@2.1.24
70 silly idealTree ├── mime@1.6.0
70 silly idealTree ├── mongodb-core@3.2.7
70 silly idealTree ├── mongodb@3.2.7
70 silly idealTree ├── mongoose-legacy-pluralize@1.0.2
70 silly idealTree ├─┬ mongoose@5.6.3
70 silly idealTree │ └── ms@2.1.2
70 silly idealTree ├── mpath@0.6.0
70 silly idealTree ├─┬ mquery@3.2.1
70 silly idealTree │ └── debug@3.1.0
70 silly idealTree ├── ms@2.0.0
70 silly idealTree ├── negotiator@0.6.2
70 silly idealTree ├── on-finished@2.3.0
70 silly idealTree ├── on-headers@1.0.2
70 silly idealTree ├── parseurl@1.3.3
70 silly idealTree ├─┬ passport-local-mongoose@5.0.1
70 silly idealTree │ ├── debug@3.2.6
70 silly idealTree │ └── ms@2.1.2
70 silly idealTree ├── passport-local@1.0.0
70 silly idealTree ├── passport-strategy@1.0.0
70 silly idealTree ├── passport@0.4.0
70 silly idealTree ├── path-to-regexp@0.1.7
70 silly idealTree ├── pause@0.0.1
70 silly idealTree ├── proxy-addr@2.0.5
70 silly idealTree ├── qs@6.7.0
70 silly idealTree ├── random-bytes@1.0.0
70 silly idealTree ├── range-parser@1.2.1
70 silly idealTree ├── raw-body@2.4.0
70 silly idealTree ├── regexp-clone@1.0.0
70 silly idealTree ├── require_optional@1.0.1
70 silly idealTree ├── resolve-from@2.0.0
70 silly idealTree ├── safe-buffer@5.1.2
70 silly idealTree ├── safer-buffer@2.1.2
70 silly idealTree ├── saslprep@1.0.3
70 silly idealTree ├── scmp@2.0.0
70 silly idealTree ├── semver@5.7.0
70 silly idealTree ├─┬ send@0.17.1
70 silly idealTree │ └── ms@2.1.1
70 silly idealTree ├── serve-static@1.14.1
70 silly idealTree ├── setprototypeof@1.1.1
70 silly idealTree ├── sift@7.0.1
70 silly idealTree ├── sliced@1.0.1
70 silly idealTree ├── sparse-bitfield@3.0.3
70 silly idealTree ├── statuses@1.5.0
70 silly idealTree ├── toidentifier@1.0.0
70 silly idealTree ├── type-is@1.6.18
70 silly idealTree ├── uid-safe@2.1.5
70 silly idealTree ├── unpipe@1.0.0
70 silly idealTree ├── utils-merge@1.0.1
70 silly idealTree └── vary@1.1.2
71 silly generateActionsToTake Starting
72 silly install generateActionsToTake
73 warn checkPermissions Missing write access to /home/panos/Desktop/auctions_app/node_modules
74 silly rollbackFailedOptional Starting
75 silly rollbackFailedOptional Finishing
76 silly runTopLevelLifecycles Starting
77 silly runTopLevelLifecycles Finishing
78 silly install printInstalled
79 warn auctions_app2@1.0.0 No description
80 warn auctions_app2@1.0.0 No repository field.
81 verbose stack Error: EACCES: permission denied, access '/home/panos/Desktop/auctions_app/node_modules'
82 verbose cwd /home/panos/Desktop/auctions_app
83 error Linux 4.18.0-25-generic
84 error argv "/usr/bin/node" "/usr/bin/npm" "install" "flash" "--save"
85 error node v8.10.0
86 error npm  v3.5.2
87 error path /home/panos/Desktop/auctions_app/node_modules
88 error code EACCES
89 error errno -13
90 error syscall access
91 error Error: EACCES: permission denied, access '/home/panos/Desktop/auctions_app/node_modules'
91 error  { Error: EACCES: permission denied, access '/home/panos/Desktop/auctions_app/node_modules'
91 error   errno: -13,
91 error   code: 'EACCES',
91 error   syscall: 'access',
91 error   path: '/home/panos/Desktop/auctions_app/node_modules' }
92 error Please try running this command again as root/Administrator.
93 verbose exit [ -13, true ]
